CRITICAL - 2025-06-10 04:07:59 --> Error: Call to undefined method CodeIgniter\View\View::extends()
[Method: GET, Route: admin/input-guru]
in APPPATH\Views\admin\input-guru.php on line 1.
 1 SYSTEMPATH\View\View.php(224): include()
 2 SYSTEMPATH\View\View.php(227): CodeIgniter\View\View->CodeIgniter\View\{closure}()
 3 SYSTEMPATH\Common.php(1173): CodeIgniter\View\View->render('admin/input-guru', [], true)
 4 APPPATH\Controllers\AdminController.php(29): view('admin/input-guru', [...])
 5 SYSTEMPATH\CodeIgniter.php(933): App\Controllers\AdminController->InputGuru()
 6 SYSTEMPATH\CodeIgniter.php(507): CodeIgniter\CodeIgniter->runController(Object(App\Controllers\AdminController))
 7 SYSTEMPATH\CodeIgniter.php(354): CodeIgniter\CodeIgniter->handleRequest(null, Object(Config\Cache), false)
 8 SYSTEMPATH\Boot.php(334): CodeIgniter\CodeIgniter->run()
 9 SYSTEMPATH\Boot.php(67): CodeIgniter\Boot::runCodeIgniter(Object(CodeIgniter\CodeIgniter))
10 FCPATH\index.php(59): CodeIgniter\Boot::bootWeb(Object(Config\Paths))
11 SYSTEMPATH\rewrite.php(44): require_once('E:\\laragon\\www\\e-keuangan\\public\\index.php')
CRITICAL - 2025-06-10 05:25:54 --> CodeIgniter\View\Exceptions\ViewException: Invalid file: "admin/input-siswa.php"
[Method: GET, Route: admin/input-siswa]
in SYSTEMPATH\Exceptions\FrameworkException.php on line 39.
 1 SYSTEMPATH\View\View.php(212): CodeIgniter\Exceptions\FrameworkException::forInvalidFile('admin/input-siswa.php')
 2 SYSTEMPATH\Common.php(1173): CodeIgniter\View\View->render('admin/input-siswa', [], true)
 3 APPPATH\Controllers\AdminController.php(43): view('admin/input-siswa', [...])
 4 SYSTEMPATH\CodeIgniter.php(933): App\Controllers\AdminController->InputSiswa()
 5 SYSTEMPATH\CodeIgniter.php(507): CodeIgniter\CodeIgniter->runController(Object(App\Controllers\AdminController))
 6 SYSTEMPATH\CodeIgniter.php(354): CodeIgniter\CodeIgniter->handleRequest(null, Object(Config\Cache), false)
 7 SYSTEMPATH\Boot.php(334): CodeIgniter\CodeIgniter->run()
 8 SYSTEMPATH\Boot.php(67): CodeIgniter\Boot::runCodeIgniter(Object(CodeIgniter\CodeIgniter))
 9 FCPATH\index.php(59): CodeIgniter\Boot::bootWeb(Object(Config\Paths))
10 SYSTEMPATH\rewrite.php(44): require_once('E:\\laragon\\www\\e-keuangan\\public\\index.php')
